<?xml version="1.0" encoding="UTF-8"?>
<testng-results skipped="0" failed="0" total="1" passed="1">
  <reporter-output>
    <line>
      <![CDATA[Start:01_13_37PM_10_Feb_2015_IP40.40.40.158]]>
    </line>
  </reporter-output>
  <suite name="Default suite" duration-ms="72204" started-at="2015-02-10T07:43:27Z" finished-at="2015-02-10T07:44:39Z">
    <groups>
      <group name="RedBusTestCases">
        <method signature="RedBus.Test()[pri:0, instance:redBus.RedBus@17372afb]" name="Test" class="redBus.RedBus"/>
      </group> <!-- RedBusTestCases -->
    </groups>
    <test name="Default test" duration-ms="72204" started-at="2015-02-10T07:43:27Z" finished-at="2015-02-10T07:44:39Z">
      <class name="redBus.RedBus">
        <test-method status="PASS" signature="setUp()[pri:0, instance:redBus.RedBus@17372afb]" name="setUp" is-config="true" duration-ms="10206" started-at="2015-02-10T13:13:27Z" finished-at="2015-02-10T13:13:37Z">
          <reporter-output>
          </reporter-output>
        </test-method> <!-- setUp -->
        <test-method status="PASS" signature="Test()[pri:0, instance:redBus.RedBus@17372afb]" name="Test" duration-ms="53802" started-at="2015-02-10T13:13:37Z" finished-at="2015-02-10T13:14:31Z">
          <reporter-output>
            <line>
              <![CDATA[Start:01_13_37PM_10_Feb_2015_IP40.40.40.158]]>
            </line>
          </reporter-output>
        </test-method> <!-- Test -->
        <test-method status="PASS" signature="tearDown()[pri:0, instance:redBus.RedBus@17372afb]" name="tearDown" is-config="true" duration-ms="8186" started-at="2015-02-10T13:14:31Z" finished-at="2015-02-10T13:14:39Z">
          <reporter-output>
          </reporter-output>
        </test-method> <!-- tearDown -->
      </class> <!-- redBus.RedBus -->
    </test> <!-- Default test -->
  </suite> <!-- Default suite -->
</testng-results>
